<?xml version="1.0" encoding="UTF-8"?>
<!-- Generated by org.testng.reporters.JUnitXMLReporter -->
<testsuite ignored="0" hostname="LAPTOP-8N6FEN18" failures="0" tests="13" name="MySuite_001_TestResults" time="58.525" errors="0" timestamp="2021-11-17T21:35:05 IST">
  <testcase classname="testng.AnnotationsThree" name="b" time="0.007"/>
  <testcase classname="testng.AnnotationsThree" name="f" time="0.001"/>
  <testcase classname="testng.NewTestNGClassSample" name="TC_001_f" time="2.293"/>
  <testcase classname="testng.NewTestNGClassSample" name="TC_002_g" time="0.141"/>
  <testcase classname="testng.AnnotationSampleOne" name="TC_001_f" time="0.003"/>
  <testcase classname="testng.AnnotationSampleOne" name="TC_003_xyz" time="0.007"/>
  <testcase classname="testng.AnnotationSampleOne" name="TC_002_abc" time="0.008"/>
  <testcase classname="testng.AnnotationSampleOne" name="TC_004_testing" time="0.002"/>
  <testcase classname="testng.FirefoxBrowser" name="validCredentials" time="10.476"/>
  <testcase classname="testng.AnnotationTwo" name="a" time="0.018"/>
  <testcase classname="testng.AnnotationTwo" name="f" time="0.009"/>
  <testcase classname="testng.FBLOGIN" name="invalidCredentials" time="4.143"/>
  <testcase classname="testng.FBLOGIN" name="validCredentials" time="3.399"/>
</testsuite> <!-- MySuite_001_TestResults -->
